<?xml version="1.0" encoding="UTF-8"?>
<!-- Generated by org.testng.reporters.JUnitXMLReporter -->
<testsuite hostname="IN01LAP00082" ignored="0" name="Default test" tests="3" failures="0" timestamp="17 Dec 2018 04:17:29 GMT" time="0.093" errors="0">
  <testcase name="@BeforeMethod testInitializer" time="0.0" classname="pageTestsLibrary.LoginPageTests">
    <failure type="org.testng.TestNGException" message="
Parameter &amp;apos;browser&amp;apos; is required by BeforeMethod on method testInitializer but has not been marked @Optional or defined
in C:\Users\VD57\AppData\Local\Temp\testng-eclipse-768094339\testng-customsuite.xml">
      <![CDATA[org.testng.TestNGException: Parameter 'browser' is required by BeforeMethod on method testInitializer but has not been marked @Optional or definedin C:\Users\VD57\AppData\Local\Temp\testng-eclipse-768094339\testng-customsuite.xmlat org.testng.internal.Parameters.createParams(Parameters.java:290)at org.testng.internal.Parameters.createParametersForMethod(Parameters.java:359)at org.testng.internal.Parameters.createParameters(Parameters.java:620)at org.testng.internal.Parameters.createConfigurationParameters(Parameters.java:190)at org.testng.internal.Invoker.invokeConfigurations(Invoker.java:209)at org.testng.internal.Invoker.invokeMethod(Invoker.java:516)at org.testng.internal.Invoker.invokeTestMethod(Invoker.java:707)at org.testng.internal.Invoker.invokeTestMethods(Invoker.java:979)at org.testng.internal.TestMethodWorker.invokeTestMethods(TestMethodWorker.java:125)at org.testng.internal.TestMethodWorker.run(TestMethodWorker.java:109)at org.testng.TestRunner.privateRun(TestRunner.java:648)at org.testng.TestRunner.run(TestRunner.java:505)at org.testng.SuiteRunner.runTest(SuiteRunner.java:455)at org.testng.SuiteRunner.runSequentially(SuiteRunner.java:450)at org.testng.SuiteRunner.privateRun(SuiteRunner.java:415)at org.testng.SuiteRunner.run(SuiteRunner.java:364)at org.testng.SuiteRunnerWorker.runSuite(SuiteRunnerWorker.java:52)at org.testng.SuiteRunnerWorker.run(SuiteRunnerWorker.java:84)at org.testng.TestNG.runSuitesSequentially(TestNG.java:1187)at org.testng.TestNG.runSuitesLocally(TestNG.java:1116)at org.testng.TestNG.runSuites(TestNG.java:1028)at org.testng.TestNG.run(TestNG.java:996)at org.testng.remote.AbstractRemoteTestNG.run(AbstractRemoteTestNG.java:114)at org.testng.remote.RemoteTestNG.initAndRun(RemoteTestNG.java:251)at org.testng.remote.RemoteTestNG.main(RemoteTestNG.java:77)]]>
    </failure>
  </testcase> <!-- @BeforeMethod testInitializer -->
  <testcase name="@AfterMethod testClosure" time="0.0" classname="pageTestsLibrary.LoginPageTests">
    <skipped/>
  </testcase> <!-- @AfterMethod testClosure -->
  <testcase name="@BeforeMethod testInitializer" time="0.0" classname="pageTestsLibrary.LoginPageTests">
    <skipped/>
  </testcase> <!-- @BeforeMethod testInitializer -->
  <testcase name="@AfterMethod testClosure" time="0.0" classname="pageTestsLibrary.LoginPageTests">
    <skipped/>
  </testcase> <!-- @AfterMethod testClosure -->
  <testcase name="@BeforeMethod testInitializer" time="0.0" classname="pageTestsLibrary.LoginPageTests">
    <skipped/>
  </testcase> <!-- @BeforeMethod testInitializer -->
  <testcase name="@AfterMethod testClosure" time="0.0" classname="pageTestsLibrary.LoginPageTests">
    <skipped/>
  </testcase> <!-- @AfterMethod testClosure -->
  <testcase name="verifyLoginPageLogo" time="0.0" classname="pageTestsLibrary.LoginPageTests">
    <skipped/>
  </testcase> <!-- verifyLoginPageLogo -->
  <testcase name="loginWithValidCredentials" time="0.0" classname="pageTestsLibrary.LoginPageTests">
    <skipped/>
  </testcase> <!-- loginWithValidCredentials -->
  <testcase name="loginWithInvalidCredentials" time="0.0" classname="pageTestsLibrary.LoginPageTests">
    <skipped/>
  </testcase> <!-- loginWithInvalidCredentials -->
</testsuite> <!-- Default test -->
